<?xml version="1.0" encoding="UTF-8"?>
<testsuite name="money.MoneyTest" tests="1" skipped="0" failures="0" errors="0" timestamp="2021-12-26T02:04:19" hostname="mac94noMacBook-Pro.local" time="0.024">
  <properties/>
  <testcase name="testMultiplication()" classname="money.MoneyTest" time="0.024"/>
  <system-out><![CDATA[]]></system-out>
  <system-err><![CDATA[]]></system-err>
</testsuite>
