<?xml version="1.0" encoding="UTF-8"?>
<testsuite name="money.MoneyTest" tests="2" skipped="0" failures="0" errors="0" timestamp="2021-12-26T03:06:47" hostname="mac94noMacBook-Pro.local" time="0.026">
  <properties/>
  <testcase name="testMultiplication()" classname="money.MoneyTest" time="0.023"/>
  <testcase name="tsetEquality()" classname="money.MoneyTest" time="0.002"/>
  <system-out><![CDATA[]]></system-out>
  <system-err><![CDATA[]]></system-err>
</testsuite>
